Using pre-set license
Built from '2020.3/staging' branch; Version is '2020.3.26f1 (7298b473bc1a) revision 7510196'; Using compiler version '192528614'; Build Type 'Release'
OS: 'Windows 10  (10.0.19041) 64bit Professional' Language: 'tr' Physical Memory: 16272 MB
BatchMode: 1, IsHumanControllingUs: 0, StartBugReporterOnCrash: 0, Is64bit: 1, IsPro: 0

COMMAND LINE ARGUMENTS:
C:\Program Files\Unity\Hub\Editor\2020.3.26f1\Editor\Unity.exe
-adb2
-batchMode
-noUpm
-name
AssetImportWorker0
-projectPath
C:/Users/hakan/Desktop/Water Surface
-logFile
Logs/AssetImportWorker0.log
-srvPort
59801
Successfully changed project path to: C:/Users/hakan/Desktop/Water Surface
C:/Users/hakan/Desktop/Water Surface
Using Asset Import Pipeline V2.
Refreshing native plugins compatible for Editor in 57.76 ms, found 2 plugins.
Preloading 0 native plugins for Editor in 0.00 ms.
Initialize engine version: 2020.3.26f1 (7298b473bc1a)
[Subsystems] Discovering subsystems at path C:/Program Files/Unity/Hub/Editor/2020.3.26f1/Editor/Data/Resources/UnitySubsystems
[Subsystems] Discovering subsystems at path C:/Users/hakan/Desktop/Water Surface/Assets
GfxDevice: creating device client; threaded=0
Direct3D:
    Version:  Direct3D 11.0 [level 11.1]
    Renderer: NVIDIA GeForce GTX 1060 (ID=0x1c20)
    Vendor:   
    VRAM:     6052 MB
    Driver:   27.21.14.6230
Initialize mono
Mono path[0] = 'C:/Program Files/Unity/Hub/Editor/2020.3.26f1/Editor/Data/Managed'
Mono path[1] = 'C:/Program Files/Unity/Hub/Editor/2020.3.26f1/Editor/Data/MonoBleedingEdge/lib/mono/unityjit'
Mono config path = 'C:/Program Files/Unity/Hub/Editor/2020.3.26f1/Editor/Data/MonoBleedingEdge/etc'
Using monoOptions --debugger-agent=transport=dt_socket,embedding=1,server=y,suspend=n,address=127.0.0.1:56536
Begin MonoManager ReloadAssembly
Registering precompiled unity dll's ...
Register platform support module: C:/Program Files/Unity/Hub/Editor/2020.3.26f1/Editor/Data/PlaybackEngines/WebGLSupport/UnityEditor.WebGL.Extensions.dll
Register platform support module: C:/Program Files/Unity/Hub/Editor/2020.3.26f1/Editor/Data/PlaybackEngines/WindowsStandaloneSupport/UnityEditor.WindowsStandalone.Extensions.dll
Registered in 0.002871 seconds.
Native extension for WindowsStandalone target not found
Native extension for WebGL target not found
Refreshing native plugins compatible for Editor in 55.41 ms, found 2 plugins.
Preloading 0 native plugins for Editor in 0.00 ms.
Mono: successfully reloaded assembly
- Completed reload, in  0.679 seconds
Domain Reload Profiling:
	ReloadAssembly (680ms)
		BeginReloadAssembly (64ms)
			ExecutionOrderSort (0ms)
			DisableScriptedObjects (0ms)
			BackupInstance (0ms)
			ReleaseScriptingObjects (0ms)
			CreateAndSetChildDomain (1ms)
		EndReloadAssembly (530ms)
			LoadAssemblies (62ms)
			RebuildTransferFunctionScriptingTraits (0ms)
			SetupTypeCache (177ms)
			ReleaseScriptCaches (0ms)
			RebuildScriptCaches (38ms)
			SetupLoadedEditorAssemblies (198ms)
				LogAssemblyErrors (0ms)
				InitializePlatformSupportModulesInManaged (6ms)
				SetLoadedEditorAssemblies (0ms)
				RefreshPlugins (55ms)
				BeforeProcessingInitializeOnLoad (14ms)
				ProcessInitializeOnLoadAttributes (92ms)
				ProcessInitializeOnLoadMethodAttributes (30ms)
				AfterProcessingInitializeOnLoad (0ms)
				EditorAssembliesLoaded (0ms)
			ExecutionOrderSort2 (0ms)
			AwakeInstancesAfterBackupRestoration (0ms)
Platform modules already initialized, skipping
Registering precompiled user dll's ...
Registered in 0.005662 seconds.
Begin MonoManager ReloadAssembly
Native extension for WindowsStandalone target not found
Native extension for WebGL target not found
Refreshing native plugins compatible for Editor in 58.22 ms, found 2 plugins.
Preloading 0 native plugins for Editor in 0.00 ms.
Mono: successfully reloaded assembly
- Completed reload, in  1.351 seconds
Domain Reload Profiling:
	ReloadAssembly (1352ms)
		BeginReloadAssembly (188ms)
			ExecutionOrderSort (0ms)
			DisableScriptedObjects (7ms)
			BackupInstance (0ms)
			ReleaseScriptingObjects (0ms)
			CreateAndSetChildDomain (25ms)
		EndReloadAssembly (1093ms)
			LoadAssemblies (113ms)
			RebuildTransferFunctionScriptingTraits (0ms)
			SetupTypeCache (392ms)
			ReleaseScriptCaches (1ms)
			RebuildScriptCaches (53ms)
			SetupLoadedEditorAssemblies (401ms)
				LogAssemblyErrors (0ms)
				InitializePlatformSupportModulesInManaged (5ms)
				SetLoadedEditorAssemblies (0ms)
				RefreshPlugins (58ms)
				BeforeProcessingInitializeOnLoad (105ms)
				ProcessInitializeOnLoadAttributes (213ms)
				ProcessInitializeOnLoadMethodAttributes (12ms)
				AfterProcessingInitializeOnLoad (8ms)
				EditorAssembliesLoaded (0ms)
			ExecutionOrderSort2 (0ms)
			AwakeInstancesAfterBackupRestoration (7ms)
Platform modules already initialized, skipping
========================================================================
Worker process is ready to serve import requests
Launched and connected shader compiler UnityShaderCompiler.exe after 0.05 seconds
Refreshing native plugins compatible for Editor in 0.51 ms, found 2 plugins.
Preloading 0 native plugins for Editor in 0.00 ms.
Unloading 2760 Unused Serialized files (Serialized files now loaded: 0)
System memory in use before: 121.2 MB.
System memory in use after: 121.4 MB.

Unloading 20 unused Assets to reduce memory usage. Loaded Objects now: 3192.
Total: 3.289000 ms (FindLiveObjects: 0.213900 ms CreateObjectMapping: 0.141200 ms MarkObjects: 2.816100 ms  DeleteObjects: 0.116500 ms)

AssetImportParameters requested are different than current active one (requested -> active):
  custom:framework-win-MediaFoundation: 216162199b28c13a410421893ffa2e32 -> 
  custom:video-decoder-ogg-theora: a1e56fd34408186e4bbccfd4996cb3dc -> 
  custom:container-muxer-webm: aa71ff27fc2769a1b78a27578f13a17b -> 
  custom:container-demuxer-webm: 4f35f7cbe854078d1ac9338744f61a02 -> 
  custom:container-demuxer-ogg: 62fdf1f143b41e24485cea50d1cbac27 -> 
  custom:video-encoder-webm-vp8: eb34c28f22e8b96e1ab97ce403110664 -> 
  custom:video-decoder-webm-vp8: 9c59270c3fd7afecdb556c50c9e8de78 -> 
  custom:audio-decoder-ogg-vorbis: bf7c407c2cedff20999df2af8eb42d56 -> 
  custom:audio-encoder-webm-vorbis: bf7c407c2cedff20999df2af8eb42d56 -> 
========================================================================
Received Import Request.
  path: Assets/Water Surface/Scenes/SampleScene.unity
  artifactKey: Guid(8d93c1dbd8b803c47b702751aa714072) Importer(815301076,1909f56bfc062723c751e8b465ee728b)
Start importing Assets/Water Surface/Scenes/SampleScene.unity using Guid(8d93c1dbd8b803c47b702751aa714072) Importer(815301076,1909f56bfc062723c751e8b465ee728b)  -> (artifact id: 'b4967f2568ecd5092e8d9db6afb37cd1') in 0.018168 seconds 
  Import took 0.023108 seconds .

========================================================================
Received Import Request.
  Time since last request: 41.903346 seconds.
  path: Assets/Scenes/SampleScene.unity
  artifactKey: Guid(8d93c1dbd8b803c47b702751aa714072) Importer(815301076,1909f56bfc062723c751e8b465ee728b)
Start importing Assets/Scenes/SampleScene.unity using Guid(8d93c1dbd8b803c47b702751aa714072) Importer(815301076,1909f56bfc062723c751e8b465ee728b)  -> (artifact id: '870136a1f4ef03d1b78c5e9a4e3269d1') in 0.003655 seconds 
  Import took 0.009178 seconds .

========================================================================
Received Import Request.
  Time since last request: 54.493472 seconds.
  path: Assets/Planes.prefab
  artifactKey: Guid(07c8f02b004ce864eb5b0e19f75e8396) Importer(815301076,1909f56bfc062723c751e8b465ee728b)
Start importing Assets/Planes.prefab using Guid(07c8f02b004ce864eb5b0e19f75e8396) Importer(815301076,1909f56bfc062723c751e8b465ee728b)  -> (artifact id: 'cf104d2e39027c03a988131c6183943d') in 0.193939 seconds 
  Import took 0.207146 seconds .

========================================================================
Received Import Request.
  Time since last request: 43.167604 seconds.
  path: Assets/URP
  artifactKey: Guid(577c75d24e29c5b40a8bf5a34ddaf96d) Importer(815301076,1909f56bfc062723c751e8b465ee728b)
Start importing Assets/URP using Guid(577c75d24e29c5b40a8bf5a34ddaf96d) Importer(815301076,1909f56bfc062723c751e8b465ee728b)  -> (artifact id: '400628dd2d8001db7847e555b878fa38') in 0.008395 seconds 
  Import took 0.014446 seconds .

========================================================================
Received Import Request.
  Time since last request: 8.321871 seconds.
  path: Assets/URP/UniversalRenderPipelineAsset.asset
  artifactKey: Guid(5c355e378dd569440a7ce6ce7273e52f) Importer(815301076,1909f56bfc062723c751e8b465ee728b)
Start importing Assets/URP/UniversalRenderPipelineAsset.asset using Guid(5c355e378dd569440a7ce6ce7273e52f) Importer(815301076,1909f56bfc062723c751e8b465ee728b)  -> (artifact id: 'ba78babce84bdf3620dbaf7dcbb7898d') in 0.194307 seconds 
  Import took 0.200306 seconds .

========================================================================
Received Import Request.
  Time since last request: 0.000300 seconds.
  path: Assets/URP/UniversalRenderPipelineAsset_Renderer.asset
  artifactKey: Guid(64ad69680751c5b469b25441f790be92) Importer(815301076,1909f56bfc062723c751e8b465ee728b)
Start importing Assets/URP/UniversalRenderPipelineAsset_Renderer.asset using Guid(64ad69680751c5b469b25441f790be92) Importer(815301076,1909f56bfc062723c751e8b465ee728b)  -> (artifact id: 'b16d3e647e9fb01311a52947cbcd4bfb') in 0.030446 seconds 
  Import took 0.036219 seconds .

========================================================================
Received Prepare
Switching render pipeline 00000000000000000000000000000000 -> 5c355e378dd569440a7ce6ce7273e52f
Refreshing native plugins compatible for Editor in 3.60 ms, found 2 plugins.
Preloading 0 native plugins for Editor in 0.00 ms.
Unloading 61 Unused Serialized files (Serialized files now loaded: 0)
System memory in use before: 72.0 MB.
System memory in use after: 72.2 MB.

Unloading 13 unused Assets to reduce memory usage. Loaded Objects now: 3248.
Total: 4.195600 ms (FindLiveObjects: 0.249400 ms CreateObjectMapping: 0.205500 ms MarkObjects: 3.723900 ms  DeleteObjects: 0.016000 ms)

AssetImportParameters requested are different than current active one (requested -> active):
  custom:framework-win-MediaFoundation: 216162199b28c13a410421893ffa2e32 -> 
  custom:video-decoder-ogg-theora: a1e56fd34408186e4bbccfd4996cb3dc -> 
  custom:container-muxer-webm: aa71ff27fc2769a1b78a27578f13a17b -> 
  custom:container-demuxer-webm: 4f35f7cbe854078d1ac9338744f61a02 -> 
  custom:container-demuxer-ogg: 62fdf1f143b41e24485cea50d1cbac27 -> 
  custom:video-encoder-webm-vp8: eb34c28f22e8b96e1ab97ce403110664 -> 
  custom:video-decoder-webm-vp8: 9c59270c3fd7afecdb556c50c9e8de78 -> 
  custom:audio-decoder-ogg-vorbis: bf7c407c2cedff20999df2af8eb42d56 -> 
  custom:audio-encoder-webm-vorbis: bf7c407c2cedff20999df2af8eb42d56 -> 
========================================================================
Received Import Request.
  Time since last request: 70.728184 seconds.
  path: Assets/Planes Variant.prefab
  artifactKey: Guid(8546420567ca6a64796af0c0c94ca5f4) Importer(815301076,1909f56bfc062723c751e8b465ee728b)
Start importing Assets/Planes Variant.prefab using Guid(8546420567ca6a64796af0c0c94ca5f4) Importer(815301076,1909f56bfc062723c751e8b465ee728b)  -> (artifact id: '1ba0b0ea3350dd58426428849ad388a5') in 0.237599 seconds 
  Import took 0.252380 seconds .

========================================================================
Received Import Request.
  Time since last request: 3.436730 seconds.
  path: Assets/Planes Variant.prefab
  artifactKey: Guid(8546420567ca6a64796af0c0c94ca5f4) Importer(815301076,1909f56bfc062723c751e8b465ee728b)
Start importing Assets/Planes Variant.prefab using Guid(8546420567ca6a64796af0c0c94ca5f4) Importer(815301076,1909f56bfc062723c751e8b465ee728b)  -> (artifact id: '5b76d000fe97914f8aaf34bebefdcec8') in 0.007562 seconds 
  Import took 0.014852 seconds .

========================================================================
Received Import Request.
  Time since last request: 14.960386 seconds.
  path: Assets/Planes Variant.prefab
  artifactKey: Guid(8546420567ca6a64796af0c0c94ca5f4) Importer(815301076,1909f56bfc062723c751e8b465ee728b)
Start importing Assets/Planes Variant.prefab using Guid(8546420567ca6a64796af0c0c94ca5f4) Importer(815301076,1909f56bfc062723c751e8b465ee728b)  -> (artifact id: '30be9bb665dd99d39b5901df31fd26c8') in 0.111189 seconds 
  Import took 0.131587 seconds .

========================================================================
Received Import Request.
  Time since last request: 0.000194 seconds.
  path: Assets/Planes.prefab
  artifactKey: Guid(07c8f02b004ce864eb5b0e19f75e8396) Importer(815301076,1909f56bfc062723c751e8b465ee728b)
Start importing Assets/Planes.prefab using Guid(07c8f02b004ce864eb5b0e19f75e8396) Importer(815301076,1909f56bfc062723c751e8b465ee728b)  -> (artifact id: 'bd8a3ccce4d763bd7294da598d1e2dcc') in 0.070537 seconds 
  Import took 0.087640 seconds .

========================================================================
Received Import Request.
  Time since last request: 69.248101 seconds.
  path: Assets/Scripts
  artifactKey: Guid(cadf71271cefff74ca4b95d23e964155) Importer(815301076,1909f56bfc062723c751e8b465ee728b)
Start importing Assets/Scripts using Guid(cadf71271cefff74ca4b95d23e964155) Importer(815301076,1909f56bfc062723c751e8b465ee728b)  -> (artifact id: '4543adb308cfebf3c3cdcb4aa0c15cb9') in 0.007836 seconds 
  Import took 0.013448 seconds .

========================================================================
Received Prepare
Registering precompiled user dll's ...
Registered in 0.005118 seconds.
Begin MonoManager ReloadAssembly
Native extension for WindowsStandalone target not found
Native extension for WebGL target not found
Refreshing native plugins compatible for Editor in 0.98 ms, found 2 plugins.
Preloading 0 native plugins for Editor in 0.00 ms.
Mono: successfully reloaded assembly
- Completed reload, in  1.244 seconds
Domain Reload Profiling:
	ReloadAssembly (1244ms)
		BeginReloadAssembly (147ms)
			ExecutionOrderSort (0ms)
			DisableScriptedObjects (7ms)
			BackupInstance (0ms)
			ReleaseScriptingObjects (0ms)
			CreateAndSetChildDomain (42ms)
		EndReloadAssembly (1019ms)
			LoadAssemblies (98ms)
			RebuildTransferFunctionScriptingTraits (0ms)
			SetupTypeCache (370ms)
			ReleaseScriptCaches (1ms)
			RebuildScriptCaches (46ms)
			SetupLoadedEditorAssemblies (349ms)
				LogAssemblyErrors (0ms)
				InitializePlatformSupportModulesInManaged (5ms)
				SetLoadedEditorAssemblies (1ms)
				RefreshPlugins (1ms)
				BeforeProcessingInitializeOnLoad (120ms)
				ProcessInitializeOnLoadAttributes (203ms)
				ProcessInitializeOnLoadMethodAttributes (9ms)
				AfterProcessingInitializeOnLoad (10ms)
				EditorAssembliesLoaded (0ms)
			ExecutionOrderSort2 (0ms)
			AwakeInstancesAfterBackupRestoration (18ms)
Platform modules already initialized, skipping
Switching render pipeline 00000000000000000000000000000000 -> 5c355e378dd569440a7ce6ce7273e52f
Refreshing native plugins compatible for Editor in 0.59 ms, found 2 plugins.
Preloading 0 native plugins for Editor in 0.00 ms.
Unloading 2699 Unused Serialized files (Serialized files now loaded: 0)
System memory in use before: 128.0 MB.
System memory in use after: 128.2 MB.

Unloading 15 unused Assets to reduce memory usage. Loaded Objects now: 3289.
Total: 3.368100 ms (FindLiveObjects: 0.346300 ms CreateObjectMapping: 0.250400 ms MarkObjects: 2.721600 ms  DeleteObjects: 0.048700 ms)

AssetImportParameters requested are different than current active one (requested -> active):
  custom:framework-win-MediaFoundation: 216162199b28c13a410421893ffa2e32 -> 
  custom:video-decoder-ogg-theora: a1e56fd34408186e4bbccfd4996cb3dc -> 
  custom:container-muxer-webm: aa71ff27fc2769a1b78a27578f13a17b -> 
  custom:container-demuxer-webm: 4f35f7cbe854078d1ac9338744f61a02 -> 
  custom:container-demuxer-ogg: 62fdf1f143b41e24485cea50d1cbac27 -> 
  custom:video-encoder-webm-vp8: eb34c28f22e8b96e1ab97ce403110664 -> 
  custom:video-decoder-webm-vp8: 9c59270c3fd7afecdb556c50c9e8de78 -> 
  custom:audio-decoder-ogg-vorbis: bf7c407c2cedff20999df2af8eb42d56 -> 
  custom:audio-encoder-webm-vorbis: bf7c407c2cedff20999df2af8eb42d56 -> 
========================================================================
Received Import Request.
  Time since last request: 27.346733 seconds.
  path: Assets/Prefabs
  artifactKey: Guid(2376719f25d19ef4f907f89df1e7b9e2) Importer(815301076,1909f56bfc062723c751e8b465ee728b)
Start importing Assets/Prefabs using Guid(2376719f25d19ef4f907f89df1e7b9e2) Importer(815301076,1909f56bfc062723c751e8b465ee728b)  -> (artifact id: '3def3287a32b1f8000bcf570b51e9be3') in 0.010868 seconds 
  Import took 0.016513 seconds .

========================================================================
Received Import Request.
  Time since last request: 26.201983 seconds.
  path: Assets/Water Surface/Textures/FlowMap.png
  artifactKey: Guid(b5a3094051c2f5249b5177737504a1fc) Importer(815301076,1909f56bfc062723c751e8b465ee728b)
Start importing Assets/Water Surface/Textures/FlowMap.png using Guid(b5a3094051c2f5249b5177737504a1fc) Importer(815301076,1909f56bfc062723c751e8b465ee728b)  -> (artifact id: '17b97352904f5517bf6ea0524665f2ae') in 0.159070 seconds 
  Import took 0.164042 seconds .

========================================================================
Received Import Request.
  Time since last request: 0.000316 seconds.
  path: Assets/Water Surface/Textures/Voronoi2.png
  artifactKey: Guid(f719646d707cf0e48848212808567a41) Importer(815301076,1909f56bfc062723c751e8b465ee728b)
Start importing Assets/Water Surface/Textures/Voronoi2.png using Guid(f719646d707cf0e48848212808567a41) Importer(815301076,1909f56bfc062723c751e8b465ee728b)  -> (artifact id: '2f1fb1e7f7c9c8d700721c6599733cf2') in 0.015847 seconds 
  Import took 0.022930 seconds .

AssetImportWorkerClient::OnTransportError - code=2 error=End of file
